Build started 1/2/2015 3:10:21 AM.
     1>Project "C:\Users\qiangyan\Documents\C++\Calculator\Calculator.vcxproj" on node 2 (Build target(s)).
     1>ClCompile:
         C:\Program Files (x86)\Microsoft Visual Studio 12.0\VC\bin\CL.exe /c /ZI /nologo /W3 /WX- /sdl /Od /Oy- /D _MBCS /Gm /EHsc /RTC1 /MDd /GS /fp:precise /Zc:wchar_t /Zc:forScope /Fo"Debug\\" /Fd"Debug\vc120.pdb" /Gd /TP /analyze- /errorReport:prompt main.cpp math_functions.cpp
         math_functions.cpp
     1>c:\users\qiangyan\documents\c++\calculator\math_functions.cpp(3): error C4430: missing type specifier - int assumed. Note: C++ does not support default-int
     1>c:\users\qiangyan\documents\c++\calculator\math_functions.cpp(3): error C2086: 'int gRadian' : redefinition
                 c:\users\qiangyan\documents\c++\calculator\math_functions.h(6) : see declaration of 'gRadian'
         Generating Code...
         Compiling...
         main.cpp
         Generating Code...
     1>Done Building Project "C:\Users\qiangyan\Documents\C++\Calculator\Calculator.vcxproj" (Build target(s)) -- FAILED.

Build FAILED.

Time Elapsed 00:00:02.39
