Build started 1/16/2015 4:37:48 PM.
     1>Project "C:\Users\qiangyan\Documents\C++\Practice\Practice.vcxproj" on node 2 (Build target(s)).
     1>ClCompile:
         C:\Program Files (x86)\Microsoft Visual Studio 12.0\VC\bin\CL.exe /c /ZI /nologo /W3 /WX- /sdl /Od /Oy- /D _MBCS /Gm /EHsc /RTC1 /MDd /GS /fp:precise /Zc:wchar_t /Zc:forScope /Fo"Debug\\" /Fd"Debug\vc120.pdb" /Gd /TP /analyze- /errorReport:prompt main.cpp
         main.cpp
     1>c:\users\qiangyan\documents\c++\practice\main.cpp(21): error C2675: unary '++' : 'M' does not define this operator or a conversion to a type acceptable to the predefined operator
     1>Done Building Project "C:\Users\qiangyan\Documents\C++\Practice\Practice.vcxproj" (Build target(s)) -- FAILED.

Build FAILED.

Time Elapsed 00:00:00.50
